<?xml version="1.0" encoding="UTF-8"?>
<!-- Generated by org.testng.reporters.JUnitXMLReporter -->
<testsuite hostname="User" ignored="0" name="Default test" tests="1" failures="0" timestamp="2019-11-28T19:58:31 IST" time="0.059" errors="0">
  <testcase name="@BeforeSuite setUp" time="2.988" classname="com.w2a.base.TestBase">
    <failure type="org.openqa.selenium.SessionNotCreatedException" message="session not created: This version of ChromeDriver only supports Chrome version 78
Build info: version: &amp;apos;3.141.59&amp;apos;, revision: &amp;apos;e82be7d358&amp;apos;, time: &amp;apos;2018-11-14T08:25:48&amp;apos;
System info: host: &amp;apos;USER&amp;apos;, ip: &amp;apos;192.168.56.1&amp;apos;, os.name: &amp;apos;Windows 8&amp;apos;, os.arch: &amp;apos;amd64&amp;apos;, os.version: &amp;apos;6.2&amp;apos;, java.version: &amp;apos;1.8.0_91&amp;apos;
Driver info: driver.version: ChromeDriver
remote stacktrace: Backtrace:
	Ordinal0 [0x00F3A923+1550627]
	Ordinal0 [0x00EBA731+1025841]
	Ordinal0 [0x00E3C715+509717]
	Ordinal0 [0x00DCFC68+64616]
	Ordinal0 [0x00DCC594+50580]
	Ordinal0 [0x00DEACE7+175335]
	Ordinal0 [0x00DEA8ED+174317]
	Ordinal0 [0x00DE8CDB+167131]
	Ordinal0 [0x00DD144A+70730]
	Ordinal0 [0x00DD24D0+74960]
	Ordinal0 [0x00DD2469+74857]
	Ordinal0 [0x00ED42F7+1131255]
	GetHandleVerifier [0x00FD711D+523789]
	GetHandleVerifier [0x00FD6EB0+523168]
	GetHandleVerifier [0x00FDE207+552695]
	GetHandleVerifier [0x00FD791A+525834]
	Ordinal0 [0x00ECB82C+1095724]
	Ordinal0 [0x00ED636B+1139563]
	Ordinal0 [0x00ED64D3+1139923]
	Ordinal0 [0x00ED5455+1135701]
	BaseThreadInitThunk [0x75348543+14]
	RtlInitializeExceptionChain [0x7745AC69+133]
	RtlInitializeExceptionChain [0x7745AC3C+88]
">
      <![CDATA[org.openqa.selenium.SessionNotCreatedException: session not created: This version of ChromeDriver only supports Chrome version 78
Build info: version: '3.141.59', revision: 'e82be7d358', time: '2018-11-14T08:25:48'
System info: host: 'USER', ip: '192.168.56.1', os.name: 'Windows 8', os.arch: 'amd64', os.version: '6.2', java.version: '1.8.0_91'
Driver info: driver.version: ChromeDriver
remote stacktrace: Backtrace:
Ordinal0 [0x00F3A923+1550627]
Ordinal0 [0x00EBA731+1025841]
Ordinal0 [0x00E3C715+509717]
Ordinal0 [0x00DCFC68+64616]
Ordinal0 [0x00DCC594+50580]
Ordinal0 [0x00DEACE7+175335]
Ordinal0 [0x00DEA8ED+174317]
Ordinal0 [0x00DE8CDB+167131]
Ordinal0 [0x00DD144A+70730]
Ordinal0 [0x00DD24D0+74960]
Ordinal0 [0x00DD2469+74857]
Ordinal0 [0x00ED42F7+1131255]
GetHandleVerifier [0x00FD711D+523789]
GetHandleVerifier [0x00FD6EB0+523168]
GetHandleVerifier [0x00FDE207+552695]
GetHandleVerifier [0x00FD791A+525834]
Ordinal0 [0x00ECB82C+1095724]
Ordinal0 [0x00ED636B+1139563]
Ordinal0 [0x00ED64D3+1139923]
Ordinal0 [0x00ED5455+1135701]
BaseThreadInitThunk [0x75348543+14]
RtlInitializeExceptionChain [0x7745AC69+133]
RtlInitializeExceptionChain [0x7745AC3C+88]

at sun.reflect.NativeConstructorAccessorImpl.newInstance0(Native Method)
at sun.reflect.NativeConstructorAccessorImpl.newInstance(NativeConstructorAccessorImpl.java:62)
at sun.reflect.DelegatingConstructorAccessorImpl.newInstance(DelegatingConstructorAccessorImpl.java:45)
at java.lang.reflect.Constructor.newInstance(Constructor.java:423)
at org.openqa.selenium.remote.W3CHandshakeResponse.lambda$errorHandler$0(W3CHandshakeResponse.java:62)
at org.openqa.selenium.remote.HandshakeResponse.lambda$getResponseFunction$0(HandshakeResponse.java:30)
at org.openqa.selenium.remote.ProtocolHandshake.lambda$createSession$0(ProtocolHandshake.java:126)
at java.util.stream.ReferencePipeline$3$1.accept(ReferencePipeline.java:193)
at java.util.Spliterators$ArraySpliterator.tryAdvance(Spliterators.java:958)
at java.util.stream.ReferencePipeline.forEachWithCancel(ReferencePipeline.java:126)
at java.util.stream.AbstractPipeline.copyIntoWithCancel(AbstractPipeline.java:498)
at java.util.stream.AbstractPipeline.copyInto(AbstractPipeline.java:485)
at java.util.stream.AbstractPipeline.wrapAndCopyInto(AbstractPipeline.java:471)
at java.util.stream.FindOps$FindOp.evaluateSequential(FindOps.java:152)
at java.util.stream.AbstractPipeline.evaluate(AbstractPipeline.java:234)
at java.util.stream.ReferencePipeline.findFirst(ReferencePipeline.java:464)
at org.openqa.selenium.remote.ProtocolHandshake.createSession(ProtocolHandshake.java:128)
at org.openqa.selenium.remote.ProtocolHandshake.createSession(ProtocolHandshake.java:74)
at org.openqa.selenium.remote.HttpCommandExecutor.execute(HttpCommandExecutor.java:136)
at org.openqa.selenium.remote.service.DriverCommandExecutor.execute(DriverCommandExecutor.java:83)
at org.openqa.selenium.remote.RemoteWebDriver.execute(RemoteWebDriver.java:552)
at org.openqa.selenium.remote.RemoteWebDriver.startSession(RemoteWebDriver.java:213)
at org.openqa.selenium.remote.RemoteWebDriver.<init>(RemoteWebDriver.java:131)
at org.openqa.selenium.chrome.ChromeDriver.<init>(ChromeDriver.java:181)
at org.openqa.selenium.chrome.ChromeDriver.<init>(ChromeDriver.java:168)
at org.openqa.selenium.chrome.ChromeDriver.<init>(ChromeDriver.java:123)
at com.w2a.base.TestBase.setUp(TestBase.java:115)
at sun.reflect.NativeMethodAccessorImpl.invoke0(Native Method)
at sun.reflect.NativeMethodAccessorImpl.invoke(NativeMethodAccessorImpl.java:62)
at sun.reflect.DelegatingMethodAccessorImpl.invoke(DelegatingMethodAccessorImpl.java:43)
at java.lang.reflect.Method.invoke(Method.java:498)
at org.testng.internal.MethodInvocationHelper.invokeMethod(MethodInvocationHelper.java:133)
at org.testng.internal.MethodInvocationHelper.invokeMethodConsideringTimeout(MethodInvocationHelper.java:62)
at org.testng.internal.ConfigInvoker.invokeConfigurationMethod(ConfigInvoker.java:340)
at org.testng.internal.ConfigInvoker.invokeConfigurations(ConfigInvoker.java:294)
at org.testng.SuiteRunner.privateRun(SuiteRunner.java:345)
at org.testng.SuiteRunner.run(SuiteRunner.java:304)
at org.testng.SuiteRunnerWorker.runSuite(SuiteRunnerWorker.java:53)
at org.testng.SuiteRunnerWorker.run(SuiteRunnerWorker.java:96)
at org.testng.TestNG.runSuitesSequentially(TestNG.java:1180)
at org.testng.TestNG.runSuitesLocally(TestNG.java:1102)
at org.testng.TestNG.runSuites(TestNG.java:1032)
at org.testng.TestNG.run(TestNG.java:1000)
at org.testng.remote.AbstractRemoteTestNG.run(AbstractRemoteTestNG.java:115)
at org.testng.remote.RemoteTestNG.initAndRun(RemoteTestNG.java:251)
at org.testng.remote.RemoteTestNG.main(RemoteTestNG.java:77)
]]>
    </failure>
  </testcase> <!-- @BeforeSuite setUp -->
  <testcase name="openAccountTest" time="0.0" classname="com.w2a.testcases.OpenAccountTest">
    <skipped/>
  </testcase> <!-- openAccountTest -->
</testsuite> <!-- Default test -->
